11:24:44.402 [main] INFO  api.test.UserTests - *************** Creating User ******************
11:24:48.115 [main] INFO  api.test.UserTests - *************** User is Created ******************
11:24:48.139 [main] INFO  api.test.UserTests - *************** Reading User Info ******************
11:24:49.332 [main] INFO  api.test.UserTests - *************** User Info is Displayed ******************
11:24:49.348 [main] INFO  api.test.UserTests - *************** Updating User  ******************
11:24:50.485 [main] INFO  api.test.UserTests - *************** User is Updated ******************
11:24:51.643 [main] INFO  api.test.UserTests - *************** Deleting User ******************
11:24:52.744 [main] INFO  api.test.UserTests - *************** User Deleted ******************
11:27:57.906 [main] INFO  api.test.UserTests - *************** Creating User ******************
11:28:01.384 [main] INFO  api.test.UserTests - *************** User is Created ******************
11:28:01.422 [main] INFO  api.test.UserTests - *************** Reading User Info ******************
11:28:02.635 [main] INFO  api.test.UserTests - *************** User Info is Displayed ******************
11:28:02.642 [main] INFO  api.test.UserTests - *************** Updating User  ******************
11:28:03.727 [main] INFO  api.test.UserTests - *************** User is Updated ******************
11:28:04.799 [main] INFO  api.test.UserTests - *************** Deleting User ******************
11:28:05.846 [main] INFO  api.test.UserTests - *************** User Deleted ******************
11:30:51.342 [main] DEBUG api.test.UserTests - debugging.....
11:30:51.361 [main] INFO  api.test.UserTests - *************** Creating User ******************
11:30:54.927 [main] INFO  api.test.UserTests - *************** User is Created ******************
11:30:54.948 [main] INFO  api.test.UserTests - *************** Reading User Info ******************
11:30:56.089 [main] INFO  api.test.UserTests - *************** User Info is Displayed ******************
11:30:56.105 [main] INFO  api.test.UserTests - *************** Updating User  ******************
11:30:57.250 [main] INFO  api.test.UserTests - *************** User is Updated ******************
11:30:58.459 [main] INFO  api.test.UserTests - *************** Deleting User ******************
11:30:59.580 [main] INFO  api.test.UserTests - *************** User Deleted ******************
11:39:09.350 [main] DEBUG api.test.UserTests - debugging.....
11:39:09.369 [main] INFO  api.test.UserTests - *************** Creating User ******************
11:39:13.534 [main] INFO  api.test.UserTests - *************** User is Created ******************
11:39:13.578 [main] INFO  api.test.UserTests - *************** Reading User Info ******************
11:39:14.779 [main] INFO  api.test.UserTests - *************** User Info is Displayed ******************
11:39:14.792 [main] INFO  api.test.UserTests - *************** Updating User  ******************
11:39:15.940 [main] INFO  api.test.UserTests - *************** User is Updated ******************
11:39:17.088 [main] INFO  api.test.UserTests - *************** Deleting User ******************
11:39:18.256 [main] INFO  api.test.UserTests - *************** User Deleted ******************
12:44:20.862 [main] DEBUG api.test.UserTests_By_Using_PropertiesFile - debugging.....
12:44:20.884 [main] INFO  api.test.UserTests_By_Using_PropertiesFile - *************** Creating User ******************
12:44:25.002 [main] INFO  api.test.UserTests_By_Using_PropertiesFile - *************** User is Created ******************
12:44:25.040 [main] INFO  api.test.UserTests_By_Using_PropertiesFile - *************** Reading User Info ******************
12:44:26.237 [main] INFO  api.test.UserTests_By_Using_PropertiesFile - *************** User Info is Displayed ******************
12:44:26.244 [main] INFO  api.test.UserTests_By_Using_PropertiesFile - *************** Updating User  ******************
12:44:27.341 [main] INFO  api.test.UserTests_By_Using_PropertiesFile - *************** User is Updated ******************
12:44:28.497 [main] INFO  api.test.UserTests_By_Using_PropertiesFile - *************** Deleting User ******************
12:44:29.596 [main] INFO  api.test.UserTests_By_Using_PropertiesFile - *************** User Deleted ******************
12:47:05.516 [main] DEBUG api.test.UserTests - debugging.....
12:47:05.540 [main] INFO  api.test.UserTests - *************** Creating User ******************
12:47:09.584 [main] INFO  api.test.UserTests - *************** User is Created ******************
12:47:09.620 [main] INFO  api.test.UserTests - *************** Reading User Info ******************
12:47:10.750 [main] INFO  api.test.UserTests - *************** User Info is Displayed ******************
12:47:10.755 [main] INFO  api.test.UserTests - *************** Updating User  ******************
12:47:11.831 [main] INFO  api.test.UserTests - *************** User is Updated ******************
12:47:12.915 [main] INFO  api.test.UserTests - *************** Deleting User ******************
12:47:14.031 [main] INFO  api.test.UserTests - *************** User Deleted ******************
12:47:14.110 [main] DEBUG api.test.UserTests_By_Using_PropertiesFile - debugging.....
12:47:14.118 [main] INFO  api.test.UserTests_By_Using_PropertiesFile - *************** Creating User ******************
12:47:15.297 [main] INFO  api.test.UserTests_By_Using_PropertiesFile - *************** User is Created ******************
12:47:15.313 [main] INFO  api.test.UserTests_By_Using_PropertiesFile - *************** Reading User Info ******************
12:47:16.519 [main] INFO  api.test.UserTests_By_Using_PropertiesFile - *************** User Info is Displayed ******************
12:47:16.535 [main] INFO  api.test.UserTests_By_Using_PropertiesFile - *************** Updating User  ******************
12:47:17.682 [main] INFO  api.test.UserTests_By_Using_PropertiesFile - *************** User is Updated ******************
12:47:18.804 [main] INFO  api.test.UserTests_By_Using_PropertiesFile - *************** Deleting User ******************
12:47:19.948 [main] INFO  api.test.UserTests_By_Using_PropertiesFile - *************** User Deleted ******************
13:38:03.333 [main] DEBUG api.test.UserTests - debugging.....
13:38:03.349 [main] INFO  api.test.UserTests - *************** Creating User ******************
13:38:07.381 [main] INFO  api.test.UserTests - *************** User is Created ******************
13:38:07.441 [main] INFO  api.test.UserTests - *************** Reading User Info ******************
13:38:08.563 [main] INFO  api.test.UserTests - *************** User Info is Displayed ******************
13:38:08.566 [main] INFO  api.test.UserTests - *************** Updating User  ******************
13:38:09.670 [main] INFO  api.test.UserTests - *************** User is Updated ******************
13:38:10.772 [main] INFO  api.test.UserTests - *************** Deleting User ******************
13:38:11.849 [main] INFO  api.test.UserTests - *************** User Deleted ******************
13:38:11.960 [main] DEBUG api.test.UserTests_By_Using_PropertiesFile - debugging.....
13:38:11.962 [main] INFO  api.test.UserTests_By_Using_PropertiesFile - *************** Creating User ******************
13:38:13.195 [main] INFO  api.test.UserTests_By_Using_PropertiesFile - *************** User is Created ******************
13:38:13.199 [main] INFO  api.test.UserTests_By_Using_PropertiesFile - *************** Reading User Info ******************
13:38:14.285 [main] INFO  api.test.UserTests_By_Using_PropertiesFile - *************** User Info is Displayed ******************
13:38:14.291 [main] INFO  api.test.UserTests_By_Using_PropertiesFile - *************** Updating User  ******************
13:38:15.457 [main] INFO  api.test.UserTests_By_Using_PropertiesFile - *************** User is Updated ******************
13:38:16.598 [main] INFO  api.test.UserTests_By_Using_PropertiesFile - *************** Deleting User ******************
13:38:17.712 [main] INFO  api.test.UserTests_By_Using_PropertiesFile - *************** User Deleted ******************
14:04:33.133 [main] DEBUG api.test.UserTests - debugging.....
14:04:33.148 [main] INFO  api.test.UserTests - *************** Creating User ******************
14:04:36.954 [main] INFO  api.test.UserTests - *************** User is Created ******************
14:04:36.973 [main] INFO  api.test.UserTests - *************** Reading User Info ******************
14:04:38.112 [main] INFO  api.test.UserTests - *************** User Info is Displayed ******************
14:04:38.119 [main] INFO  api.test.UserTests - *************** Updating User  ******************
14:04:39.333 [main] INFO  api.test.UserTests - *************** User is Updated ******************
14:04:40.475 [main] INFO  api.test.UserTests - *************** Deleting User ******************
14:04:41.597 [main] INFO  api.test.UserTests - *************** User Deleted ******************
14:04:41.737 [main] DEBUG api.test.UserTests_By_Using_PropertiesFile - debugging.....
14:04:41.739 [main] INFO  api.test.UserTests_By_Using_PropertiesFile - *************** Creating User ******************
14:04:43.081 [main] INFO  api.test.UserTests_By_Using_PropertiesFile - *************** User is Created ******************
14:04:43.091 [main] INFO  api.test.UserTests_By_Using_PropertiesFile - *************** Reading User Info ******************
14:04:44.194 [main] INFO  api.test.UserTests_By_Using_PropertiesFile - *************** User Info is Displayed ******************
14:04:44.200 [main] INFO  api.test.UserTests_By_Using_PropertiesFile - *************** Updating User  ******************
14:04:45.358 [main] INFO  api.test.UserTests_By_Using_PropertiesFile - *************** User is Updated ******************
14:04:46.524 [main] INFO  api.test.UserTests_By_Using_PropertiesFile - *************** Deleting User ******************
14:04:47.624 [main] INFO  api.test.UserTests_By_Using_PropertiesFile - *************** User Deleted ******************
14:12:26.199 [main] DEBUG api.test.UserTests - debugging.....
14:12:26.215 [main] INFO  api.test.UserTests - *************** Creating User ******************
14:12:29.626 [main] INFO  api.test.UserTests - *************** User is Created ******************
14:12:29.644 [main] INFO  api.test.UserTests - *************** Reading User Info ******************
14:12:30.851 [main] INFO  api.test.UserTests - *************** User Info is Displayed ******************
14:12:30.857 [main] INFO  api.test.UserTests - *************** Updating User  ******************
14:12:32.015 [main] INFO  api.test.UserTests - *************** User is Updated ******************
14:12:33.192 [main] INFO  api.test.UserTests - *************** Deleting User ******************
14:12:34.403 [main] INFO  api.test.UserTests - *************** User Deleted ******************
14:12:34.481 [main] DEBUG api.test.UserTests_By_Using_PropertiesFile - debugging.....
14:12:34.483 [main] INFO  api.test.UserTests_By_Using_PropertiesFile - *************** Creating User ******************
14:12:35.642 [main] INFO  api.test.UserTests_By_Using_PropertiesFile - *************** User is Created ******************
14:12:35.649 [main] INFO  api.test.UserTests_By_Using_PropertiesFile - *************** Reading User Info ******************
14:12:36.838 [main] INFO  api.test.UserTests_By_Using_PropertiesFile - *************** User Info is Displayed ******************
14:12:36.843 [main] INFO  api.test.UserTests_By_Using_PropertiesFile - *************** Updating User  ******************
14:12:37.970 [main] INFO  api.test.UserTests_By_Using_PropertiesFile - *************** User is Updated ******************
14:12:39.093 [main] INFO  api.test.UserTests_By_Using_PropertiesFile - *************** Deleting User ******************
14:12:40.211 [main] INFO  api.test.UserTests_By_Using_PropertiesFile - *************** User Deleted ******************
14:13:12.302 [main] DEBUG api.test.UserTests - debugging.....
14:13:12.316 [main] INFO  api.test.UserTests - *************** Creating User ******************
14:13:16.165 [main] INFO  api.test.UserTests - *************** User is Created ******************
14:13:16.184 [main] INFO  api.test.UserTests - *************** Reading User Info ******************
14:13:17.374 [main] INFO  api.test.UserTests - *************** User Info is Displayed ******************
14:13:17.380 [main] INFO  api.test.UserTests - *************** Updating User  ******************
14:13:18.538 [main] INFO  api.test.UserTests - *************** User is Updated ******************
14:13:19.703 [main] INFO  api.test.UserTests - *************** Deleting User ******************
14:13:20.840 [main] INFO  api.test.UserTests - *************** User Deleted ******************
14:13:20.920 [main] DEBUG api.test.UserTests_By_Using_PropertiesFile - debugging.....
14:13:20.922 [main] INFO  api.test.UserTests_By_Using_PropertiesFile - *************** Creating User ******************
14:13:22.022 [main] INFO  api.test.UserTests_By_Using_PropertiesFile - *************** User is Created ******************
14:13:22.029 [main] INFO  api.test.UserTests_By_Using_PropertiesFile - *************** Reading User Info ******************
14:13:23.190 [main] INFO  api.test.UserTests_By_Using_PropertiesFile - *************** User Info is Displayed ******************
14:13:23.196 [main] INFO  api.test.UserTests_By_Using_PropertiesFile - *************** Updating User  ******************
14:13:24.324 [main] INFO  api.test.UserTests_By_Using_PropertiesFile - *************** User is Updated ******************
14:13:25.400 [main] INFO  api.test.UserTests_By_Using_PropertiesFile - *************** Deleting User ******************
14:13:26.526 [main] INFO  api.test.UserTests_By_Using_PropertiesFile - *************** User Deleted ******************
14:35:51.635 [main] DEBUG api.test.UserTests - debugging.....
14:35:51.655 [main] INFO  api.test.UserTests - *************** Creating User ******************
14:35:56.309 [main] INFO  api.test.UserTests - *************** User is Created ******************
14:35:56.329 [main] INFO  api.test.UserTests - *************** Reading User Info ******************
14:35:57.669 [main] INFO  api.test.UserTests - *************** User Info is Displayed ******************
14:35:57.677 [main] INFO  api.test.UserTests - *************** Updating User  ******************
14:35:58.934 [main] INFO  api.test.UserTests - *************** User is Updated ******************
14:36:00.191 [main] INFO  api.test.UserTests - *************** Deleting User ******************
14:36:01.322 [main] INFO  api.test.UserTests - *************** User Deleted ******************
14:36:01.392 [main] DEBUG api.test.UserTests_By_Using_PropertiesFile - debugging.....
14:36:01.393 [main] INFO  api.test.UserTests_By_Using_PropertiesFile - *************** Creating User ******************
14:36:02.493 [main] INFO  api.test.UserTests_By_Using_PropertiesFile - *************** User is Created ******************
14:36:02.496 [main] INFO  api.test.UserTests_By_Using_PropertiesFile - *************** Reading User Info ******************
14:36:03.664 [main] INFO  api.test.UserTests_By_Using_PropertiesFile - *************** User Info is Displayed ******************
14:36:03.667 [main] INFO  api.test.UserTests_By_Using_PropertiesFile - *************** Updating User  ******************
14:36:04.756 [main] INFO  api.test.UserTests_By_Using_PropertiesFile - *************** User is Updated ******************
14:36:05.840 [main] INFO  api.test.UserTests_By_Using_PropertiesFile - *************** Deleting User ******************
14:36:07.021 [main] INFO  api.test.UserTests_By_Using_PropertiesFile - *************** User Deleted ******************
14:37:32.634 [main] DEBUG api.test.UserTests - debugging.....
14:37:32.649 [main] INFO  api.test.UserTests - *************** Creating User ******************
14:37:36.159 [main] INFO  api.test.UserTests - *************** User is Created ******************
14:37:36.180 [main] INFO  api.test.UserTests - *************** Reading User Info ******************
14:37:37.341 [main] INFO  api.test.UserTests - *************** User Info is Displayed ******************
14:37:37.349 [main] INFO  api.test.UserTests - *************** Updating User  ******************
14:37:38.472 [main] INFO  api.test.UserTests - *************** User is Updated ******************
14:37:39.626 [main] INFO  api.test.UserTests - *************** Deleting User ******************
14:37:40.763 [main] INFO  api.test.UserTests - *************** User Deleted ******************
14:37:40.833 [main] DEBUG api.test.UserTests_By_Using_PropertiesFile - debugging.....
14:37:40.835 [main] INFO  api.test.UserTests_By_Using_PropertiesFile - *************** Creating User ******************
14:37:41.928 [main] INFO  api.test.UserTests_By_Using_PropertiesFile - *************** User is Created ******************
14:37:41.937 [main] INFO  api.test.UserTests_By_Using_PropertiesFile - *************** Reading User Info ******************
14:37:43.026 [main] INFO  api.test.UserTests_By_Using_PropertiesFile - *************** User Info is Displayed ******************
14:37:43.032 [main] INFO  api.test.UserTests_By_Using_PropertiesFile - *************** Updating User  ******************
14:37:44.220 [main] INFO  api.test.UserTests_By_Using_PropertiesFile - *************** User is Updated ******************
14:37:45.378 [main] INFO  api.test.UserTests_By_Using_PropertiesFile - *************** Deleting User ******************
14:37:46.497 [main] INFO  api.test.UserTests_By_Using_PropertiesFile - *************** User Deleted ******************
15:38:05.039 [main] DEBUG api.test.UserTests - debugging.....
15:38:05.055 [main] INFO  api.test.UserTests - *************** Creating User ******************
15:38:08.581 [main] INFO  api.test.UserTests - *************** User is Created ******************
15:38:08.605 [main] INFO  api.test.UserTests - *************** Reading User Info ******************
15:38:09.701 [main] INFO  api.test.UserTests - *************** User Info is Displayed ******************
15:38:09.704 [main] INFO  api.test.UserTests - *************** Updating User  ******************
15:38:10.845 [main] INFO  api.test.UserTests - *************** User is Updated ******************
15:38:11.966 [main] INFO  api.test.UserTests - *************** Deleting User ******************
15:38:13.032 [main] INFO  api.test.UserTests - *************** User Deleted ******************
15:38:13.092 [main] DEBUG api.test.UserTests_By_Using_PropertiesFile - debugging.....
15:38:13.094 [main] INFO  api.test.UserTests_By_Using_PropertiesFile - *************** Creating User ******************
15:38:14.160 [main] INFO  api.test.UserTests_By_Using_PropertiesFile - *************** User is Created ******************
15:38:14.163 [main] INFO  api.test.UserTests_By_Using_PropertiesFile - *************** Reading User Info ******************
15:38:15.362 [main] INFO  api.test.UserTests_By_Using_PropertiesFile - *************** User Info is Displayed ******************
15:38:15.364 [main] INFO  api.test.UserTests_By_Using_PropertiesFile - *************** Updating User  ******************
15:38:16.412 [main] INFO  api.test.UserTests_By_Using_PropertiesFile - *************** User is Updated ******************
15:38:17.503 [main] INFO  api.test.UserTests_By_Using_PropertiesFile - *************** Deleting User ******************
15:38:18.600 [main] INFO  api.test.UserTests_By_Using_PropertiesFile - *************** User Deleted ******************
14:26:52.908 [main] DEBUG api.test.UserTests - debugging.....
14:26:52.928 [main] INFO  api.test.UserTests - *************** Creating User ******************
14:26:58.493 [main] INFO  api.test.UserTests - *************** User is Created ******************
14:26:58.528 [main] INFO  api.test.UserTests - *************** Reading User Info ******************
14:26:59.647 [main] INFO  api.test.UserTests - *************** User Info is Displayed ******************
14:26:59.653 [main] INFO  api.test.UserTests - *************** Updating User  ******************
14:27:00.777 [main] INFO  api.test.UserTests - *************** User is Updated ******************
14:27:01.859 [main] INFO  api.test.UserTests - *************** Deleting User ******************
14:27:02.961 [main] INFO  api.test.UserTests - *************** User Deleted ******************
14:27:03.058 [main] DEBUG api.test.UserTests_By_Using_PropertiesFile - debugging.....
14:27:03.060 [main] INFO  api.test.UserTests_By_Using_PropertiesFile - *************** Creating User ******************
14:27:04.184 [main] INFO  api.test.UserTests_By_Using_PropertiesFile - *************** User is Created ******************
14:27:04.187 [main] INFO  api.test.UserTests_By_Using_PropertiesFile - *************** Reading User Info ******************
14:27:05.372 [main] INFO  api.test.UserTests_By_Using_PropertiesFile - *************** User Info is Displayed ******************
14:27:05.375 [main] INFO  api.test.UserTests_By_Using_PropertiesFile - *************** Updating User  ******************
14:27:06.462 [main] INFO  api.test.UserTests_By_Using_PropertiesFile - *************** User is Updated ******************
14:27:07.560 [main] INFO  api.test.UserTests_By_Using_PropertiesFile - *************** Deleting User ******************
14:27:08.663 [main] INFO  api.test.UserTests_By_Using_PropertiesFile - *************** User Deleted ******************
14:27:42.331 [main] DEBUG api.test.UserTests - debugging.....
14:27:42.347 [main] INFO  api.test.UserTests - *************** Creating User ******************
14:27:45.802 [main] INFO  api.test.UserTests - *************** User is Created ******************
14:27:45.833 [main] INFO  api.test.UserTests - *************** Reading User Info ******************
14:27:46.989 [main] INFO  api.test.UserTests - *************** User Info is Displayed ******************
14:27:46.996 [main] INFO  api.test.UserTests - *************** Updating User  ******************
14:27:48.175 [main] INFO  api.test.UserTests - *************** User is Updated ******************
14:27:49.350 [main] INFO  api.test.UserTests - *************** Deleting User ******************
14:27:50.504 [main] INFO  api.test.UserTests - *************** User Deleted ******************
14:27:50.578 [main] DEBUG api.test.UserTests_By_Using_PropertiesFile - debugging.....
14:27:50.580 [main] INFO  api.test.UserTests_By_Using_PropertiesFile - *************** Creating User ******************
14:27:51.708 [main] INFO  api.test.UserTests_By_Using_PropertiesFile - *************** User is Created ******************
14:27:51.716 [main] INFO  api.test.UserTests_By_Using_PropertiesFile - *************** Reading User Info ******************
14:27:52.957 [main] INFO  api.test.UserTests_By_Using_PropertiesFile - *************** User Info is Displayed ******************
14:27:52.964 [main] INFO  api.test.UserTests_By_Using_PropertiesFile - *************** Updating User  ******************
14:27:54.083 [main] INFO  api.test.UserTests_By_Using_PropertiesFile - *************** User is Updated ******************
14:27:55.190 [main] INFO  api.test.UserTests_By_Using_PropertiesFile - *************** Deleting User ******************
14:27:56.313 [main] INFO  api.test.UserTests_By_Using_PropertiesFile - *************** User Deleted ******************
17:02:36.257 [main] DEBUG api.test.UserTests - debugging.....
17:02:36.272 [main] INFO  api.test.UserTests - *************** Creating User ******************
17:02:40.169 [main] INFO  api.test.UserTests - *************** User is Created ******************
17:02:40.199 [main] INFO  api.test.UserTests - *************** Reading User Info ******************
17:02:41.368 [main] INFO  api.test.UserTests - *************** User Info is Displayed ******************
17:02:41.559 [main] INFO  api.test.UserTests - *************** Updating User  ******************
17:02:42.676 [main] INFO  api.test.UserTests - *************** User is Updated ******************
17:02:43.869 [main] INFO  api.test.UserTests - *************** Deleting User ******************
17:02:45.036 [main] INFO  api.test.UserTests - *************** User Deleted ******************
17:02:45.136 [main] DEBUG api.test.UserTests_By_Using_PropertiesFile - debugging.....
17:02:45.139 [main] INFO  api.test.UserTests_By_Using_PropertiesFile - *************** Creating User ******************
17:02:46.441 [main] INFO  api.test.UserTests_By_Using_PropertiesFile - *************** User is Created ******************
17:02:46.449 [main] INFO  api.test.UserTests_By_Using_PropertiesFile - *************** Reading User Info ******************
17:02:47.526 [main] INFO  api.test.UserTests_By_Using_PropertiesFile - *************** User Info is Displayed ******************
17:02:47.532 [main] INFO  api.test.UserTests_By_Using_PropertiesFile - *************** Updating User  ******************
17:02:48.711 [main] INFO  api.test.UserTests_By_Using_PropertiesFile - *************** User is Updated ******************
17:02:49.892 [main] INFO  api.test.UserTests_By_Using_PropertiesFile - *************** Deleting User ******************
17:02:51.009 [main] INFO  api.test.UserTests_By_Using_PropertiesFile - *************** User Deleted ******************
17:05:47.949 [main] DEBUG api.test.UserTests - debugging.....
17:05:47.965 [main] INFO  api.test.UserTests - *************** Creating User ******************
17:05:51.597 [main] INFO  api.test.UserTests - *************** User is Created ******************
17:05:51.616 [main] INFO  api.test.UserTests - *************** Reading User Info ******************
17:05:52.795 [main] INFO  api.test.UserTests - *************** User Info is Displayed ******************
17:05:52.802 [main] INFO  api.test.UserTests - *************** Updating User  ******************
17:05:53.984 [main] INFO  api.test.UserTests - *************** User is Updated ******************
17:05:55.196 [main] INFO  api.test.UserTests - *************** Deleting User ******************
17:05:56.276 [main] INFO  api.test.UserTests - *************** User Deleted ******************
17:05:56.360 [main] DEBUG api.test.UserTests_By_Using_PropertiesFile - debugging.....
17:05:56.363 [main] INFO  api.test.UserTests_By_Using_PropertiesFile - *************** Creating User ******************
17:05:57.465 [main] INFO  api.test.UserTests_By_Using_PropertiesFile - *************** User is Created ******************
17:05:57.473 [main] INFO  api.test.UserTests_By_Using_PropertiesFile - *************** Reading User Info ******************
17:05:58.597 [main] INFO  api.test.UserTests_By_Using_PropertiesFile - *************** User Info is Displayed ******************
17:05:58.605 [main] INFO  api.test.UserTests_By_Using_PropertiesFile - *************** Updating User  ******************
17:05:59.796 [main] INFO  api.test.UserTests_By_Using_PropertiesFile - *************** User is Updated ******************
17:06:00.904 [main] INFO  api.test.UserTests_By_Using_PropertiesFile - *************** Deleting User ******************
17:06:01.992 [main] INFO  api.test.UserTests_By_Using_PropertiesFile - *************** User Deleted ******************
17:06:42.261 [main] DEBUG api.test.UserTests - debugging.....
17:06:42.275 [main] INFO  api.test.UserTests - *************** Creating User ******************
17:06:45.754 [main] INFO  api.test.UserTests - *************** User is Created ******************
17:06:45.773 [main] INFO  api.test.UserTests - *************** Reading User Info ******************
17:06:46.884 [main] INFO  api.test.UserTests - *************** User Info is Displayed ******************
17:06:46.893 [main] INFO  api.test.UserTests - *************** Updating User  ******************
17:06:48.057 [main] INFO  api.test.UserTests - *************** User is Updated ******************
17:06:49.192 [main] INFO  api.test.UserTests - *************** Deleting User ******************
17:06:50.279 [main] INFO  api.test.UserTests - *************** User Deleted ******************
17:06:50.376 [main] DEBUG api.test.UserTests_By_Using_PropertiesFile - debugging.....
17:06:50.378 [main] INFO  api.test.UserTests_By_Using_PropertiesFile - *************** Creating User ******************
17:06:51.479 [main] INFO  api.test.UserTests_By_Using_PropertiesFile - *************** User is Created ******************
17:06:51.489 [main] INFO  api.test.UserTests_By_Using_PropertiesFile - *************** Reading User Info ******************
17:06:52.601 [main] INFO  api.test.UserTests_By_Using_PropertiesFile - *************** User Info is Displayed ******************
17:06:52.607 [main] INFO  api.test.UserTests_By_Using_PropertiesFile - *************** Updating User  ******************
17:06:53.737 [main] INFO  api.test.UserTests_By_Using_PropertiesFile - *************** User is Updated ******************
17:06:54.874 [main] INFO  api.test.UserTests_By_Using_PropertiesFile - *************** Deleting User ******************
17:06:56.045 [main] INFO  api.test.UserTests_By_Using_PropertiesFile - *************** User Deleted ******************
18:02:31.270 [main] DEBUG api.test.UserTests_By_Using_PropertiesFile - debugging.....
18:02:31.293 [main] INFO  api.test.UserTests_By_Using_PropertiesFile - *************** Creating User ******************
18:02:35.170 [main] INFO  api.test.UserTests_By_Using_PropertiesFile - *************** User is Created ******************
18:02:35.188 [main] INFO  api.test.UserTests_By_Using_PropertiesFile - *************** Reading User Info ******************
18:02:36.375 [main] INFO  api.test.UserTests_By_Using_PropertiesFile - *************** User Info is Displayed ******************
18:02:36.389 [main] INFO  api.test.UserTests_By_Using_PropertiesFile - *************** Updating User  ******************
18:02:37.572 [main] INFO  api.test.UserTests_By_Using_PropertiesFile - *************** User is Updated ******************
18:02:38.736 [main] INFO  api.test.UserTests_By_Using_PropertiesFile - *************** Deleting User ******************
18:02:39.836 [main] INFO  api.test.UserTests_By_Using_PropertiesFile - *************** User Deleted ******************
18:05:35.515 [main] DEBUG api.test.UserTests - debugging.....
18:05:35.531 [main] INFO  api.test.UserTests - *************** Creating User ******************
18:05:39.121 [main] INFO  api.test.UserTests - *************** User is Created ******************
18:05:39.141 [main] INFO  api.test.UserTests - *************** Reading User Info ******************
18:05:40.324 [main] INFO  api.test.UserTests - *************** User Info is Displayed ******************
18:05:40.329 [main] INFO  api.test.UserTests - *************** Updating User  ******************
18:05:41.498 [main] INFO  api.test.UserTests - *************** User is Updated ******************
18:05:42.701 [main] INFO  api.test.UserTests - *************** Deleting User ******************
18:05:43.882 [main] INFO  api.test.UserTests - *************** User Deleted ******************
18:05:43.982 [main] DEBUG api.test.UserTests_By_Using_PropertiesFile - debugging.....
18:05:43.984 [main] INFO  api.test.UserTests_By_Using_PropertiesFile - *************** Creating User ******************
18:05:45.179 [main] INFO  api.test.UserTests_By_Using_PropertiesFile - *************** User is Created ******************
18:05:45.188 [main] INFO  api.test.UserTests_By_Using_PropertiesFile - *************** Reading User Info ******************
18:05:46.372 [main] INFO  api.test.UserTests_By_Using_PropertiesFile - *************** User Info is Displayed ******************
18:05:46.379 [main] INFO  api.test.UserTests_By_Using_PropertiesFile - *************** Updating User  ******************
18:05:47.583 [main] INFO  api.test.UserTests_By_Using_PropertiesFile - *************** User is Updated ******************
18:05:48.760 [main] INFO  api.test.UserTests_By_Using_PropertiesFile - *************** Deleting User ******************
18:05:49.903 [main] INFO  api.test.UserTests_By_Using_PropertiesFile - *************** User Deleted ******************
18:06:43.609 [main] DEBUG api.test.UserTests - debugging.....
18:06:43.625 [main] INFO  api.test.UserTests - *************** Creating User ******************
18:06:47.209 [main] INFO  api.test.UserTests - *************** User is Created ******************
18:06:47.233 [main] INFO  api.test.UserTests - *************** Reading User Info ******************
18:06:48.408 [main] INFO  api.test.UserTests - *************** User Info is Displayed ******************
18:06:48.417 [main] INFO  api.test.UserTests - *************** Updating User  ******************
18:06:49.519 [main] INFO  api.test.UserTests - *************** User is Updated ******************
18:06:50.688 [main] INFO  api.test.UserTests - *************** Deleting User ******************
18:06:51.884 [main] INFO  api.test.UserTests - *************** User Deleted ******************
18:06:51.988 [main] DEBUG api.test.UserTests_By_Using_PropertiesFile - debugging.....
18:06:51.990 [main] INFO  api.test.UserTests_By_Using_PropertiesFile - *************** Creating User ******************
18:06:53.144 [main] INFO  api.test.UserTests_By_Using_PropertiesFile - *************** User is Created ******************
18:06:53.258 [main] INFO  api.test.UserTests_By_Using_PropertiesFile - *************** Reading User Info ******************
18:06:54.428 [main] INFO  api.test.UserTests_By_Using_PropertiesFile - *************** User Info is Displayed ******************
18:06:54.434 [main] INFO  api.test.UserTests_By_Using_PropertiesFile - *************** Updating User  ******************
18:06:55.637 [main] INFO  api.test.UserTests_By_Using_PropertiesFile - *************** User is Updated ******************
18:06:56.740 [main] INFO  api.test.UserTests_By_Using_PropertiesFile - *************** Deleting User ******************
18:06:57.889 [main] INFO  api.test.UserTests_By_Using_PropertiesFile - *************** User Deleted ******************
18:24:29.408 [main] DEBUG api.test.UserTests - debugging.....
18:24:29.422 [main] INFO  api.test.UserTests - *************** Creating User ******************
18:24:33.052 [main] INFO  api.test.UserTests - *************** User is Created ******************
18:24:33.078 [main] INFO  api.test.UserTests - *************** Reading User Info ******************
18:24:34.279 [main] INFO  api.test.UserTests - *************** User Info is Displayed ******************
18:24:34.286 [main] INFO  api.test.UserTests - *************** Updating User  ******************
18:24:35.449 [main] INFO  api.test.UserTests - *************** User is Updated ******************
18:24:36.568 [main] INFO  api.test.UserTests - *************** Deleting User ******************
18:24:37.721 [main] INFO  api.test.UserTests - *************** User Deleted ******************
18:24:37.832 [main] DEBUG api.test.UserTests_By_Using_PropertiesFile - debugging.....
18:24:37.834 [main] INFO  api.test.UserTests_By_Using_PropertiesFile - *************** Creating User ******************
18:24:38.992 [main] INFO  api.test.UserTests_By_Using_PropertiesFile - *************** User is Created ******************
18:24:38.999 [main] INFO  api.test.UserTests_By_Using_PropertiesFile - *************** Reading User Info ******************
18:24:40.174 [main] INFO  api.test.UserTests_By_Using_PropertiesFile - *************** User Info is Displayed ******************
18:24:40.180 [main] INFO  api.test.UserTests_By_Using_PropertiesFile - *************** Updating User  ******************
18:24:41.469 [main] INFO  api.test.UserTests_By_Using_PropertiesFile - *************** User is Updated ******************
18:24:42.613 [main] INFO  api.test.UserTests_By_Using_PropertiesFile - *************** Deleting User ******************
18:24:43.691 [main] INFO  api.test.UserTests_By_Using_PropertiesFile - *************** User Deleted ******************
18:25:34.017 [main] DEBUG api.test.UserTests - debugging.....
18:25:34.034 [main] INFO  api.test.UserTests - *************** Creating User ******************
18:25:37.585 [main] INFO  api.test.UserTests - *************** User is Created ******************
18:25:37.613 [main] INFO  api.test.UserTests - *************** Reading User Info ******************
18:25:38.868 [main] INFO  api.test.UserTests - *************** User Info is Displayed ******************
18:25:38.897 [main] INFO  api.test.UserTests - *************** Updating User  ******************
18:25:40.033 [main] INFO  api.test.UserTests - *************** User is Updated ******************
18:25:41.205 [main] INFO  api.test.UserTests - *************** Deleting User ******************
18:25:42.373 [main] INFO  api.test.UserTests - *************** User Deleted ******************
18:25:42.460 [main] DEBUG api.test.UserTests_By_Using_PropertiesFile - debugging.....
18:25:42.463 [main] INFO  api.test.UserTests_By_Using_PropertiesFile - *************** Creating User ******************
18:25:43.604 [main] INFO  api.test.UserTests_By_Using_PropertiesFile - *************** User is Created ******************
18:25:43.612 [main] INFO  api.test.UserTests_By_Using_PropertiesFile - *************** Reading User Info ******************
18:25:44.746 [main] INFO  api.test.UserTests_By_Using_PropertiesFile - *************** User Info is Displayed ******************
18:25:44.754 [main] INFO  api.test.UserTests_By_Using_PropertiesFile - *************** Updating User  ******************
18:25:45.933 [main] INFO  api.test.UserTests_By_Using_PropertiesFile - *************** User is Updated ******************
18:25:47.121 [main] INFO  api.test.UserTests_By_Using_PropertiesFile - *************** Deleting User ******************
18:25:48.427 [main] INFO  api.test.UserTests_By_Using_PropertiesFile - *************** User Deleted ******************
17:49:14.870 [main] DEBUG api.test.UserTests - debugging.....
17:49:14.886 [main] INFO  api.test.UserTests - *************** Creating User ******************
17:49:19.194 [main] INFO  api.test.UserTests - *************** User is Created ******************
17:49:19.203 [main] INFO  api.test.UserTests - *************** Reading User Info ******************
17:49:20.394 [main] INFO  api.test.UserTests - *************** User Info is Displayed ******************
17:49:20.405 [main] INFO  api.test.UserTests - *************** Updating User  ******************
17:49:21.659 [main] INFO  api.test.UserTests - *************** User is Updated ******************
17:49:22.906 [main] INFO  api.test.UserTests - *************** Deleting User ******************
17:49:24.092 [main] INFO  api.test.UserTests - *************** User Deleted ******************
18:06:15.039 [main] DEBUG api.test.UserTests - debugging.....
18:06:15.068 [main] INFO  api.test.UserTests - *************** Creating User ******************
18:06:18.840 [main] INFO  api.test.UserTests - *************** User is Created ******************
18:06:18.862 [main] INFO  api.test.UserTests - *************** Reading User Info ******************
18:06:20.093 [main] INFO  api.test.UserTests - *************** User Info is Displayed ******************
18:06:20.107 [main] INFO  api.test.UserTests - *************** Updating User  ******************
18:06:21.286 [main] INFO  api.test.UserTests - *************** User is Updated ******************
18:06:22.501 [main] INFO  api.test.UserTests - *************** Deleting User ******************
18:06:23.640 [main] INFO  api.test.UserTests - *************** User Deleted ******************
10:18:49.462 [main] DEBUG org.apache.poi.openxml4j.opc.PackageRelationshipCollection - Parsing relationship: /xl/_rels/workbook.xml.rels
10:18:49.469 [main] DEBUG org.apache.poi.openxml4j.opc.PackageRelationshipCollection - Parsing relationship: /xl/worksheets/_rels/sheet1.xml.rels
10:18:49.473 [main] DEBUG org.apache.poi.openxml4j.opc.PackageRelationshipCollection - Parsing relationship: /_rels/.rels
10:18:50.292 [main] DEBUG org.apache.poi.ooxml.POIXMLFactory - using default POIXMLDocumentPart for http://schemas.openxmlformats.org/officeDocument/2006/relationships/printerSettings
10:18:50.635 [main] DEBUG org.apache.poi.openxml4j.opc.PackageRelationshipCollection - Parsing relationship: /xl/_rels/workbook.xml.rels
10:18:50.637 [main] DEBUG org.apache.poi.openxml4j.opc.PackageRelationshipCollection - Parsing relationship: /xl/worksheets/_rels/sheet1.xml.rels
10:18:50.640 [main] DEBUG org.apache.poi.openxml4j.opc.PackageRelationshipCollection - Parsing relationship: /_rels/.rels
10:18:50.704 [main] DEBUG org.apache.poi.ooxml.POIXMLFactory - using default POIXMLDocumentPart for http://schemas.openxmlformats.org/officeDocument/2006/relationships/printerSettings
10:18:50.737 [main] DEBUG org.apache.poi.openxml4j.opc.PackageRelationshipCollection - Parsing relationship: /xl/_rels/workbook.xml.rels
10:18:50.738 [main] DEBUG org.apache.poi.openxml4j.opc.PackageRelationshipCollection - Parsing relationship: /xl/worksheets/_rels/sheet1.xml.rels
10:18:50.740 [main] DEBUG org.apache.poi.openxml4j.opc.PackageRelationshipCollection - Parsing relationship: /_rels/.rels
10:18:50.759 [main] DEBUG org.apache.poi.ooxml.POIXMLFactory - using default POIXMLDocumentPart for http://schemas.openxmlformats.org/officeDocument/2006/relationships/printerSettings
10:18:51.036 [main] DEBUG org.apache.poi.openxml4j.opc.PackageRelationshipCollection - Parsing relationship: /xl/_rels/workbook.xml.rels
10:18:51.038 [main] DEBUG org.apache.poi.openxml4j.opc.PackageRelationshipCollection - Parsing relationship: /xl/worksheets/_rels/sheet1.xml.rels
10:18:51.040 [main] DEBUG org.apache.poi.openxml4j.opc.PackageRelationshipCollection - Parsing relationship: /_rels/.rels
10:18:51.066 [main] DEBUG org.apache.poi.ooxml.POIXMLFactory - using default POIXMLDocumentPart for http://schemas.openxmlformats.org/officeDocument/2006/relationships/printerSettings
10:18:51.090 [main] DEBUG org.apache.poi.openxml4j.opc.PackageRelationshipCollection - Parsing relationship: /xl/_rels/workbook.xml.rels
10:18:51.092 [main] DEBUG org.apache.poi.openxml4j.opc.PackageRelationshipCollection - Parsing relationship: /xl/worksheets/_rels/sheet1.xml.rels
10:18:51.094 [main] DEBUG org.apache.poi.openxml4j.opc.PackageRelationshipCollection - Parsing relationship: /_rels/.rels
10:18:51.111 [main] DEBUG org.apache.poi.ooxml.POIXMLFactory - using default POIXMLDocumentPart for http://schemas.openxmlformats.org/officeDocument/2006/relationships/printerSettings
10:18:51.142 [main] DEBUG org.apache.poi.openxml4j.opc.PackageRelationshipCollection - Parsing relationship: /xl/_rels/workbook.xml.rels
10:18:51.144 [main] DEBUG org.apache.poi.openxml4j.opc.PackageRelationshipCollection - Parsing relationship: /xl/worksheets/_rels/sheet1.xml.rels
10:18:51.145 [main] DEBUG org.apache.poi.openxml4j.opc.PackageRelationshipCollection - Parsing relationship: /_rels/.rels
10:18:51.163 [main] DEBUG org.apache.poi.ooxml.POIXMLFactory - using default POIXMLDocumentPart for http://schemas.openxmlformats.org/officeDocument/2006/relationships/printerSettings
10:18:51.190 [main] DEBUG org.apache.poi.openxml4j.opc.PackageRelationshipCollection - Parsing relationship: /xl/_rels/workbook.xml.rels
10:18:51.192 [main] DEBUG org.apache.poi.openxml4j.opc.PackageRelationshipCollection - Parsing relationship: /xl/worksheets/_rels/sheet1.xml.rels
10:18:51.194 [main] DEBUG org.apache.poi.openxml4j.opc.PackageRelationshipCollection - Parsing relationship: /_rels/.rels
10:18:51.211 [main] DEBUG org.apache.poi.ooxml.POIXMLFactory - using default POIXMLDocumentPart for http://schemas.openxmlformats.org/officeDocument/2006/relationships/printerSettings
10:18:51.234 [main] DEBUG org.apache.poi.openxml4j.opc.PackageRelationshipCollection - Parsing relationship: /xl/_rels/workbook.xml.rels
10:18:51.236 [main] DEBUG org.apache.poi.openxml4j.opc.PackageRelationshipCollection - Parsing relationship: /xl/worksheets/_rels/sheet1.xml.rels
10:18:51.238 [main] DEBUG org.apache.poi.openxml4j.opc.PackageRelationshipCollection - Parsing relationship: /_rels/.rels
10:18:51.254 [main] DEBUG org.apache.poi.ooxml.POIXMLFactory - using default POIXMLDocumentPart for http://schemas.openxmlformats.org/officeDocument/2006/relationships/printerSettings
10:18:51.274 [main] DEBUG org.apache.poi.openxml4j.opc.PackageRelationshipCollection - Parsing relationship: /xl/_rels/workbook.xml.rels
10:18:51.275 [main] DEBUG org.apache.poi.openxml4j.opc.PackageRelationshipCollection - Parsing relationship: /xl/worksheets/_rels/sheet1.xml.rels
10:18:51.276 [main] DEBUG org.apache.poi.openxml4j.opc.PackageRelationshipCollection - Parsing relationship: /_rels/.rels
10:18:51.293 [main] DEBUG org.apache.poi.ooxml.POIXMLFactory - using default POIXMLDocumentPart for http://schemas.openxmlformats.org/officeDocument/2006/relationships/printerSettings
10:18:51.313 [main] DEBUG org.apache.poi.openxml4j.opc.PackageRelationshipCollection - Parsing relationship: /xl/_rels/workbook.xml.rels
10:18:51.315 [main] DEBUG org.apache.poi.openxml4j.opc.PackageRelationshipCollection - Parsing relationship: /xl/worksheets/_rels/sheet1.xml.rels
10:18:51.316 [main] DEBUG org.apache.poi.openxml4j.opc.PackageRelationshipCollection - Parsing relationship: /_rels/.rels
10:18:51.330 [main] DEBUG org.apache.poi.ooxml.POIXMLFactory - using default POIXMLDocumentPart for http://schemas.openxmlformats.org/officeDocument/2006/relationships/printerSettings
10:18:51.352 [main] DEBUG org.apache.poi.openxml4j.opc.PackageRelationshipCollection - Parsing relationship: /xl/_rels/workbook.xml.rels
10:18:51.354 [main] DEBUG org.apache.poi.openxml4j.opc.PackageRelationshipCollection - Parsing relationship: /xl/worksheets/_rels/sheet1.xml.rels
10:18:51.356 [main] DEBUG org.apache.poi.openxml4j.opc.PackageRelationshipCollection - Parsing relationship: /_rels/.rels
10:18:51.373 [main] DEBUG org.apache.poi.ooxml.POIXMLFactory - using default POIXMLDocumentPart for http://schemas.openxmlformats.org/officeDocument/2006/relationships/printerSettings
10:18:51.391 [main] DEBUG org.apache.poi.openxml4j.opc.PackageRelationshipCollection - Parsing relationship: /xl/_rels/workbook.xml.rels
10:18:51.393 [main] DEBUG org.apache.poi.openxml4j.opc.PackageRelationshipCollection - Parsing relationship: /xl/worksheets/_rels/sheet1.xml.rels
10:18:51.394 [main] DEBUG org.apache.poi.openxml4j.opc.PackageRelationshipCollection - Parsing relationship: /_rels/.rels
10:18:51.416 [main] DEBUG org.apache.poi.ooxml.POIXMLFactory - using default POIXMLDocumentPart for http://schemas.openxmlformats.org/officeDocument/2006/relationships/printerSettings
10:18:51.433 [main] DEBUG org.apache.poi.openxml4j.opc.PackageRelationshipCollection - Parsing relationship: /xl/_rels/workbook.xml.rels
10:18:51.435 [main] DEBUG org.apache.poi.openxml4j.opc.PackageRelationshipCollection - Parsing relationship: /xl/worksheets/_rels/sheet1.xml.rels
10:18:51.436 [main] DEBUG org.apache.poi.openxml4j.opc.PackageRelationshipCollection - Parsing relationship: /_rels/.rels
10:18:51.450 [main] DEBUG org.apache.poi.ooxml.POIXMLFactory - using default POIXMLDocumentPart for http://schemas.openxmlformats.org/officeDocument/2006/relationships/printerSettings
10:18:51.468 [main] DEBUG org.apache.poi.openxml4j.opc.PackageRelationshipCollection - Parsing relationship: /xl/_rels/workbook.xml.rels
10:18:51.470 [main] DEBUG org.apache.poi.openxml4j.opc.PackageRelationshipCollection - Parsing relationship: /xl/worksheets/_rels/sheet1.xml.rels
10:18:51.471 [main] DEBUG org.apache.poi.openxml4j.opc.PackageRelationshipCollection - Parsing relationship: /_rels/.rels
10:18:51.484 [main] DEBUG org.apache.poi.ooxml.POIXMLFactory - using default POIXMLDocumentPart for http://schemas.openxmlformats.org/officeDocument/2006/relationships/printerSettings
10:18:51.502 [main] DEBUG org.apache.poi.openxml4j.opc.PackageRelationshipCollection - Parsing relationship: /xl/_rels/workbook.xml.rels
10:18:51.503 [main] DEBUG org.apache.poi.openxml4j.opc.PackageRelationshipCollection - Parsing relationship: /xl/worksheets/_rels/sheet1.xml.rels
10:18:51.504 [main] DEBUG org.apache.poi.openxml4j.opc.PackageRelationshipCollection - Parsing relationship: /_rels/.rels
10:18:51.516 [main] DEBUG org.apache.poi.ooxml.POIXMLFactory - using default POIXMLDocumentPart for http://schemas.openxmlformats.org/officeDocument/2006/relationships/printerSettings
10:18:51.534 [main] DEBUG org.apache.poi.openxml4j.opc.PackageRelationshipCollection - Parsing relationship: /xl/_rels/workbook.xml.rels
10:18:51.536 [main] DEBUG org.apache.poi.openxml4j.opc.PackageRelationshipCollection - Parsing relationship: /xl/worksheets/_rels/sheet1.xml.rels
10:18:51.537 [main] DEBUG org.apache.poi.openxml4j.opc.PackageRelationshipCollection - Parsing relationship: /_rels/.rels
10:18:51.555 [main] DEBUG org.apache.poi.ooxml.POIXMLFactory - using default POIXMLDocumentPart for http://schemas.openxmlformats.org/officeDocument/2006/relationships/printerSettings
10:18:51.576 [main] DEBUG org.apache.poi.openxml4j.opc.PackageRelationshipCollection - Parsing relationship: /xl/_rels/workbook.xml.rels
10:18:51.577 [main] DEBUG org.apache.poi.openxml4j.opc.PackageRelationshipCollection - Parsing relationship: /xl/worksheets/_rels/sheet1.xml.rels
10:18:51.578 [main] DEBUG org.apache.poi.openxml4j.opc.PackageRelationshipCollection - Parsing relationship: /_rels/.rels
10:18:51.590 [main] DEBUG org.apache.poi.ooxml.POIXMLFactory - using default POIXMLDocumentPart for http://schemas.openxmlformats.org/officeDocument/2006/relationships/printerSettings
