10:18:51.607 [main] DEBUG org.apache.poi.openxml4j.opc.PackageRelationshipCollection - Parsing relationship: /xl/_rels/workbook.xml.rels
10:18:51.616 [main] DEBUG org.apache.poi.openxml4j.opc.PackageRelationshipCollection - Parsing relationship: /xl/worksheets/_rels/sheet1.xml.rels
10:18:51.617 [main] DEBUG org.apache.poi.openxml4j.opc.PackageRelationshipCollection - Parsing relationship: /_rels/.rels
10:18:51.628 [main] DEBUG org.apache.poi.ooxml.POIXMLFactory - using default POIXMLDocumentPart for http://schemas.openxmlformats.org/officeDocument/2006/relationships/printerSettings
10:18:51.644 [main] DEBUG org.apache.poi.openxml4j.opc.PackageRelationshipCollection - Parsing relationship: /xl/_rels/workbook.xml.rels
10:18:51.646 [main] DEBUG org.apache.poi.openxml4j.opc.PackageRelationshipCollection - Parsing relationship: /xl/worksheets/_rels/sheet1.xml.rels
10:18:51.647 [main] DEBUG org.apache.poi.openxml4j.opc.PackageRelationshipCollection - Parsing relationship: /_rels/.rels
10:18:51.659 [main] DEBUG org.apache.poi.ooxml.POIXMLFactory - using default POIXMLDocumentPart for http://schemas.openxmlformats.org/officeDocument/2006/relationships/printerSettings
10:18:51.674 [main] DEBUG org.apache.poi.openxml4j.opc.PackageRelationshipCollection - Parsing relationship: /xl/_rels/workbook.xml.rels
10:18:51.675 [main] DEBUG org.apache.poi.openxml4j.opc.PackageRelationshipCollection - Parsing relationship: /xl/worksheets/_rels/sheet1.xml.rels
10:18:51.677 [main] DEBUG org.apache.poi.openxml4j.opc.PackageRelationshipCollection - Parsing relationship: /_rels/.rels
10:18:51.689 [main] DEBUG org.apache.poi.ooxml.POIXMLFactory - using default POIXMLDocumentPart for http://schemas.openxmlformats.org/officeDocument/2006/relationships/printerSettings
10:18:51.705 [main] DEBUG org.apache.poi.openxml4j.opc.PackageRelationshipCollection - Parsing relationship: /xl/_rels/workbook.xml.rels
10:18:51.706 [main] DEBUG org.apache.poi.openxml4j.opc.PackageRelationshipCollection - Parsing relationship: /xl/worksheets/_rels/sheet1.xml.rels
10:18:51.708 [main] DEBUG org.apache.poi.openxml4j.opc.PackageRelationshipCollection - Parsing relationship: /_rels/.rels
10:18:51.718 [main] DEBUG org.apache.poi.ooxml.POIXMLFactory - using default POIXMLDocumentPart for http://schemas.openxmlformats.org/officeDocument/2006/relationships/printerSettings
10:18:51.733 [main] DEBUG org.apache.poi.openxml4j.opc.PackageRelationshipCollection - Parsing relationship: /xl/_rels/workbook.xml.rels
10:18:51.734 [main] DEBUG org.apache.poi.openxml4j.opc.PackageRelationshipCollection - Parsing relationship: /xl/worksheets/_rels/sheet1.xml.rels
10:18:51.735 [main] DEBUG org.apache.poi.openxml4j.opc.PackageRelationshipCollection - Parsing relationship: /_rels/.rels
10:18:51.746 [main] DEBUG org.apache.poi.ooxml.POIXMLFactory - using default POIXMLDocumentPart for http://schemas.openxmlformats.org/officeDocument/2006/relationships/printerSettings
10:18:51.760 [main] DEBUG org.apache.poi.openxml4j.opc.PackageRelationshipCollection - Parsing relationship: /xl/_rels/workbook.xml.rels
10:18:51.761 [main] DEBUG org.apache.poi.openxml4j.opc.PackageRelationshipCollection - Parsing relationship: /xl/worksheets/_rels/sheet1.xml.rels
10:18:51.763 [main] DEBUG org.apache.poi.openxml4j.opc.PackageRelationshipCollection - Parsing relationship: /_rels/.rels
10:18:51.775 [main] DEBUG org.apache.poi.ooxml.POIXMLFactory - using default POIXMLDocumentPart for http://schemas.openxmlformats.org/officeDocument/2006/relationships/printerSettings
10:18:57.817 [main] DEBUG org.apache.poi.openxml4j.opc.PackageRelationshipCollection - Parsing relationship: /xl/_rels/workbook.xml.rels
10:18:57.831 [main] DEBUG org.apache.poi.openxml4j.opc.PackageRelationshipCollection - Parsing relationship: /xl/worksheets/_rels/sheet1.xml.rels
10:18:57.835 [main] DEBUG org.apache.poi.openxml4j.opc.PackageRelationshipCollection - Parsing relationship: /_rels/.rels
10:18:57.851 [main] DEBUG org.apache.poi.ooxml.POIXMLFactory - using default POIXMLDocumentPart for http://schemas.openxmlformats.org/officeDocument/2006/relationships/printerSettings
10:18:57.864 [main] DEBUG org.apache.poi.openxml4j.opc.PackageRelationshipCollection - Parsing relationship: /xl/_rels/workbook.xml.rels
10:18:57.865 [main] DEBUG org.apache.poi.openxml4j.opc.PackageRelationshipCollection - Parsing relationship: /xl/worksheets/_rels/sheet1.xml.rels
10:18:57.866 [main] DEBUG org.apache.poi.openxml4j.opc.PackageRelationshipCollection - Parsing relationship: /_rels/.rels
10:18:57.873 [main] DEBUG org.apache.poi.ooxml.POIXMLFactory - using default POIXMLDocumentPart for http://schemas.openxmlformats.org/officeDocument/2006/relationships/printerSettings
10:18:57.886 [main] DEBUG org.apache.poi.openxml4j.opc.PackageRelationshipCollection - Parsing relationship: /xl/_rels/workbook.xml.rels
10:18:57.887 [main] DEBUG org.apache.poi.openxml4j.opc.PackageRelationshipCollection - Parsing relationship: /xl/worksheets/_rels/sheet1.xml.rels
10:18:57.888 [main] DEBUG org.apache.poi.openxml4j.opc.PackageRelationshipCollection - Parsing relationship: /_rels/.rels
10:18:57.898 [main] DEBUG org.apache.poi.ooxml.POIXMLFactory - using default POIXMLDocumentPart for http://schemas.openxmlformats.org/officeDocument/2006/relationships/printerSettings
10:18:57.917 [main] DEBUG org.apache.poi.openxml4j.opc.PackageRelationshipCollection - Parsing relationship: /xl/_rels/workbook.xml.rels
10:18:57.918 [main] DEBUG org.apache.poi.openxml4j.opc.PackageRelationshipCollection - Parsing relationship: /xl/worksheets/_rels/sheet1.xml.rels
10:18:57.919 [main] DEBUG org.apache.poi.openxml4j.opc.PackageRelationshipCollection - Parsing relationship: /_rels/.rels
10:18:57.928 [main] DEBUG org.apache.poi.ooxml.POIXMLFactory - using default POIXMLDocumentPart for http://schemas.openxmlformats.org/officeDocument/2006/relationships/printerSettings
10:38:34.886 [main] DEBUG api.test.UserTests - debugging.....
10:38:34.903 [main] INFO  api.test.UserTests - *************** Creating User ******************
10:38:38.588 [main] INFO  api.test.UserTests - *************** User is Created ******************
10:38:38.621 [main] INFO  api.test.UserTests - *************** Reading User Info ******************
10:38:39.775 [main] INFO  api.test.UserTests - *************** User Info is Displayed ******************
10:38:39.793 [main] INFO  api.test.UserTests - *************** Updating User  ******************
10:38:40.980 [main] INFO  api.test.UserTests - *************** User is Updated ******************
10:38:42.189 [main] INFO  api.test.UserTests - *************** Deleting User ******************
10:38:43.350 [main] INFO  api.test.UserTests - *************** User Deleted ******************
10:38:43.447 [main] DEBUG api.test.UserTests_By_Using_PropertiesFile - debugging.....
10:38:43.451 [main] INFO  api.test.UserTests_By_Using_PropertiesFile - *************** Creating User ******************
10:38:44.772 [main] INFO  api.test.UserTests_By_Using_PropertiesFile - *************** User is Created ******************
10:38:44.784 [main] INFO  api.test.UserTests_By_Using_PropertiesFile - *************** Reading User Info ******************
10:38:45.972 [main] INFO  api.test.UserTests_By_Using_PropertiesFile - *************** User Info is Displayed ******************
10:38:45.985 [main] INFO  api.test.UserTests_By_Using_PropertiesFile - *************** Updating User  ******************
10:38:47.214 [main] INFO  api.test.UserTests_By_Using_PropertiesFile - *************** User is Updated ******************
10:38:48.434 [main] INFO  api.test.UserTests_By_Using_PropertiesFile - *************** Deleting User ******************
10:38:49.572 [main] INFO  api.test.UserTests_By_Using_PropertiesFile - *************** User Deleted ******************
10:48:22.479 [main] DEBUG api.test.UserTests - debugging.....
10:48:22.502 [main] INFO  api.test.UserTests - *************** Creating User ******************
10:48:26.075 [main] INFO  api.test.UserTests - *************** User is Created ******************
10:48:26.096 [main] INFO  api.test.UserTests - *************** Reading User Info ******************
10:48:27.272 [main] INFO  api.test.UserTests - *************** User Info is Displayed ******************
10:48:27.287 [main] INFO  api.test.UserTests - *************** Updating User  ******************
10:48:28.512 [main] INFO  api.test.UserTests - *************** User is Updated ******************
10:48:29.654 [main] INFO  api.test.UserTests - *************** Deleting User ******************
10:48:30.859 [main] INFO  api.test.UserTests - *************** User Deleted ******************
10:48:30.938 [main] DEBUG api.test.UserTests_By_Using_PropertiesFile - debugging.....
10:48:30.942 [main] INFO  api.test.UserTests_By_Using_PropertiesFile - *************** Creating User ******************
10:48:32.127 [main] INFO  api.test.UserTests_By_Using_PropertiesFile - *************** User is Created ******************
10:48:32.143 [main] INFO  api.test.UserTests_By_Using_PropertiesFile - *************** Reading User Info ******************
10:48:33.290 [main] INFO  api.test.UserTests_By_Using_PropertiesFile - *************** User Info is Displayed ******************
10:48:33.308 [main] INFO  api.test.UserTests_By_Using_PropertiesFile - *************** Updating User  ******************
10:48:34.501 [main] INFO  api.test.UserTests_By_Using_PropertiesFile - *************** User is Updated ******************
10:48:35.664 [main] INFO  api.test.UserTests_By_Using_PropertiesFile - *************** Deleting User ******************
10:48:36.860 [main] INFO  api.test.UserTests_By_Using_PropertiesFile - *************** User Deleted ******************
16:13:24.483 [main] DEBUG api.test.UserTests - debugging.....
16:13:24.503 [main] INFO  api.test.UserTests - *************** Creating User ******************
16:13:28.207 [main] INFO  api.test.UserTests - *************** User is Created ******************
16:13:28.232 [main] INFO  api.test.UserTests - *************** Reading User Info ******************
16:13:29.473 [main] INFO  api.test.UserTests - *************** User Info is Displayed ******************
16:13:29.487 [main] INFO  api.test.UserTests - *************** Updating User  ******************
16:13:30.760 [main] INFO  api.test.UserTests - *************** User is Updated ******************
16:13:31.918 [main] INFO  api.test.UserTests - *************** Deleting User ******************
16:13:33.080 [main] INFO  api.test.UserTests - *************** User Deleted ******************
16:13:33.162 [main] DEBUG api.test.UserTests_By_Using_PropertiesFile - debugging.....
16:13:33.165 [main] INFO  api.test.UserTests_By_Using_PropertiesFile - *************** Creating User ******************
16:13:34.361 [main] INFO  api.test.UserTests_By_Using_PropertiesFile - *************** User is Created ******************
16:13:34.385 [main] INFO  api.test.UserTests_By_Using_PropertiesFile - *************** Reading User Info ******************
16:13:35.542 [main] INFO  api.test.UserTests_By_Using_PropertiesFile - *************** User Info is Displayed ******************
16:13:35.557 [main] INFO  api.test.UserTests_By_Using_PropertiesFile - *************** Updating User  ******************
16:13:36.657 [main] INFO  api.test.UserTests_By_Using_PropertiesFile - *************** User is Updated ******************
16:13:37.799 [main] INFO  api.test.UserTests_By_Using_PropertiesFile - *************** Deleting User ******************
16:13:38.955 [main] INFO  api.test.UserTests_By_Using_PropertiesFile - *************** User Deleted ******************
16:25:21.748 [main] DEBUG api.test.UserTests - debugging.....
16:25:21.763 [main] INFO  api.test.UserTests - *************** Creating User ******************
16:25:25.994 [main] INFO  api.test.UserTests - *************** User is Created ******************
16:25:26.015 [main] INFO  api.test.UserTests - *************** Reading User Info ******************
16:25:27.243 [main] INFO  api.test.UserTests - *************** User Info is Displayed ******************
16:25:27.250 [main] INFO  api.test.UserTests - *************** Updating User  ******************
16:25:28.515 [main] INFO  api.test.UserTests - *************** User is Updated ******************
16:25:29.753 [main] INFO  api.test.UserTests - *************** Deleting User ******************
16:25:30.998 [main] INFO  api.test.UserTests - *************** User Deleted ******************
16:25:31.097 [main] DEBUG api.test.UserTests_By_Using_PropertiesFile - debugging.....
16:25:31.099 [main] INFO  api.test.UserTests_By_Using_PropertiesFile - *************** Creating User ******************
16:25:32.252 [main] INFO  api.test.UserTests_By_Using_PropertiesFile - *************** User is Created ******************
16:25:32.259 [main] INFO  api.test.UserTests_By_Using_PropertiesFile - *************** Reading User Info ******************
16:25:33.415 [main] INFO  api.test.UserTests_By_Using_PropertiesFile - *************** User Info is Displayed ******************
16:25:33.421 [main] INFO  api.test.UserTests_By_Using_PropertiesFile - *************** Updating User  ******************
16:25:34.670 [main] INFO  api.test.UserTests_By_Using_PropertiesFile - *************** User is Updated ******************
16:25:35.921 [main] INFO  api.test.UserTests_By_Using_PropertiesFile - *************** Deleting User ******************
16:25:37.094 [main] INFO  api.test.UserTests_By_Using_PropertiesFile - *************** User Deleted ******************
16:27:34.718 [main] DEBUG api.test.UserTests - debugging.....
16:27:34.742 [main] INFO  api.test.UserTests - *************** Creating User ******************
16:27:38.839 [main] INFO  api.test.UserTests - *************** User is Created ******************
16:27:38.861 [main] INFO  api.test.UserTests - *************** Reading User Info ******************
16:27:40.108 [main] INFO  api.test.UserTests - *************** User Info is Displayed ******************
16:27:40.116 [main] INFO  api.test.UserTests - *************** Updating User  ******************
16:27:41.357 [main] INFO  api.test.UserTests - *************** User is Updated ******************
16:27:42.621 [main] INFO  api.test.UserTests - *************** Deleting User ******************
16:27:43.863 [main] INFO  api.test.UserTests - *************** User Deleted ******************
16:27:43.969 [main] DEBUG api.test.UserTests_By_Using_PropertiesFile - debugging.....
16:27:43.972 [main] INFO  api.test.UserTests_By_Using_PropertiesFile - *************** Creating User ******************
16:27:45.104 [main] INFO  api.test.UserTests_By_Using_PropertiesFile - *************** User is Created ******************
16:27:45.109 [main] INFO  api.test.UserTests_By_Using_PropertiesFile - *************** Reading User Info ******************
16:27:46.309 [main] INFO  api.test.UserTests_By_Using_PropertiesFile - *************** User Info is Displayed ******************
16:27:46.317 [main] INFO  api.test.UserTests_By_Using_PropertiesFile - *************** Updating User  ******************
16:27:47.471 [main] INFO  api.test.UserTests_By_Using_PropertiesFile - *************** User is Updated ******************
16:27:48.738 [main] INFO  api.test.UserTests_By_Using_PropertiesFile - *************** Deleting User ******************
16:27:49.894 [main] INFO  api.test.UserTests_By_Using_PropertiesFile - *************** User Deleted ******************
16:31:41.365 [main] DEBUG api.test.UserTests - debugging.....
16:31:41.381 [main] INFO  api.test.UserTests - *************** Creating User ******************
16:31:45.686 [main] INFO  api.test.UserTests - *************** User is Created ******************
16:31:45.711 [main] INFO  api.test.UserTests - *************** Reading User Info ******************
16:31:46.981 [main] INFO  api.test.UserTests - *************** User Info is Displayed ******************
16:31:46.984 [main] INFO  api.test.UserTests - *************** Updating User  ******************
16:31:48.161 [main] INFO  api.test.UserTests - *************** User is Updated ******************
16:31:49.368 [main] INFO  api.test.UserTests - *************** Deleting User ******************
16:31:50.572 [main] INFO  api.test.UserTests - *************** User Deleted ******************
16:31:50.675 [main] DEBUG api.test.UserTests_By_Using_PropertiesFile - debugging.....
16:31:50.676 [main] INFO  api.test.UserTests_By_Using_PropertiesFile - *************** Creating User ******************
16:31:51.823 [main] INFO  api.test.UserTests_By_Using_PropertiesFile - *************** User is Created ******************
16:31:51.830 [main] INFO  api.test.UserTests_By_Using_PropertiesFile - *************** Reading User Info ******************
16:31:53.001 [main] INFO  api.test.UserTests_By_Using_PropertiesFile - *************** User Info is Displayed ******************
16:31:53.007 [main] INFO  api.test.UserTests_By_Using_PropertiesFile - *************** Updating User  ******************
16:31:54.280 [main] INFO  api.test.UserTests_By_Using_PropertiesFile - *************** User is Updated ******************
16:31:55.487 [main] INFO  api.test.UserTests_By_Using_PropertiesFile - *************** Deleting User ******************
16:31:56.693 [main] INFO  api.test.UserTests_By_Using_PropertiesFile - *************** User Deleted ******************
16:48:25.684 [main] DEBUG api.test.UserTests - debugging.....
16:48:25.700 [main] INFO  api.test.UserTests - *************** Creating User ******************
16:48:29.326 [main] INFO  api.test.UserTests - *************** User is Created ******************
16:48:29.351 [main] INFO  api.test.UserTests - *************** Reading User Info ******************
16:48:30.670 [main] INFO  api.test.UserTests - *************** User Info is Displayed ******************
16:48:30.676 [main] INFO  api.test.UserTests - *************** Updating User  ******************
16:48:31.885 [main] INFO  api.test.UserTests - *************** User is Updated ******************
16:48:33.129 [main] INFO  api.test.UserTests - *************** Deleting User ******************
16:48:34.296 [main] INFO  api.test.UserTests - *************** User Deleted ******************
16:48:34.374 [main] DEBUG api.test.UserTests_By_Using_PropertiesFile - debugging.....
16:48:34.376 [main] INFO  api.test.UserTests_By_Using_PropertiesFile - *************** Creating User ******************
16:48:35.592 [main] INFO  api.test.UserTests_By_Using_PropertiesFile - *************** User is Created ******************
16:48:35.600 [main] INFO  api.test.UserTests_By_Using_PropertiesFile - *************** Reading User Info ******************
16:48:36.768 [main] INFO  api.test.UserTests_By_Using_PropertiesFile - *************** User Info is Displayed ******************
16:48:36.773 [main] INFO  api.test.UserTests_By_Using_PropertiesFile - *************** Updating User  ******************
16:48:38.047 [main] INFO  api.test.UserTests_By_Using_PropertiesFile - *************** User is Updated ******************
16:48:39.199 [main] INFO  api.test.UserTests_By_Using_PropertiesFile - *************** Deleting User ******************
16:48:40.328 [main] INFO  api.test.UserTests_By_Using_PropertiesFile - *************** User Deleted ******************
16:49:25.785 [main] DEBUG api.test.UserTests - debugging.....
16:49:25.800 [main] INFO  api.test.UserTests - *************** Creating User ******************
16:49:29.616 [main] INFO  api.test.UserTests - *************** User is Created ******************
16:49:29.637 [main] INFO  api.test.UserTests - *************** Reading User Info ******************
16:49:30.914 [main] INFO  api.test.UserTests - *************** User Info is Displayed ******************
16:49:30.921 [main] INFO  api.test.UserTests - *************** Updating User  ******************
16:49:32.164 [main] INFO  api.test.UserTests - *************** User is Updated ******************
16:49:33.307 [main] INFO  api.test.UserTests - *************** Deleting User ******************
16:49:34.482 [main] INFO  api.test.UserTests - *************** User Deleted ******************
16:49:34.556 [main] DEBUG api.test.UserTests_By_Using_PropertiesFile - debugging.....
16:49:34.558 [main] INFO  api.test.UserTests_By_Using_PropertiesFile - *************** Creating User ******************
16:49:35.683 [main] INFO  api.test.UserTests_By_Using_PropertiesFile - *************** User is Created ******************
16:49:35.690 [main] INFO  api.test.UserTests_By_Using_PropertiesFile - *************** Reading User Info ******************
16:49:36.878 [main] INFO  api.test.UserTests_By_Using_PropertiesFile - *************** User Info is Displayed ******************
16:49:36.884 [main] INFO  api.test.UserTests_By_Using_PropertiesFile - *************** Updating User  ******************
16:49:38.087 [main] INFO  api.test.UserTests_By_Using_PropertiesFile - *************** User is Updated ******************
16:49:39.227 [main] INFO  api.test.UserTests_By_Using_PropertiesFile - *************** Deleting User ******************
16:49:40.355 [main] INFO  api.test.UserTests_By_Using_PropertiesFile - *************** User Deleted ******************
16:54:52.630 [main] DEBUG api.test.UserTests - debugging.....
16:54:52.647 [main] INFO  api.test.UserTests - *************** Creating User ******************
16:54:56.624 [main] INFO  api.test.UserTests - *************** User is Created ******************
16:54:56.642 [main] INFO  api.test.UserTests - *************** Reading User Info ******************
16:54:57.881 [main] INFO  api.test.UserTests - *************** User Info is Displayed ******************
16:54:57.889 [main] INFO  api.test.UserTests - *************** Updating User  ******************
16:54:59.053 [main] INFO  api.test.UserTests - *************** User is Updated ******************
16:55:00.241 [main] INFO  api.test.UserTests - *************** Deleting User ******************
16:55:01.400 [main] INFO  api.test.UserTests - *************** User Deleted ******************
16:55:01.488 [main] DEBUG api.test.UserTests_By_Using_PropertiesFile - debugging.....
16:55:01.489 [main] INFO  api.test.UserTests_By_Using_PropertiesFile - *************** Creating User ******************
16:55:02.676 [main] INFO  api.test.UserTests_By_Using_PropertiesFile - *************** User is Created ******************
16:55:02.679 [main] INFO  api.test.UserTests_By_Using_PropertiesFile - *************** Reading User Info ******************
16:55:03.853 [main] INFO  api.test.UserTests_By_Using_PropertiesFile - *************** User Info is Displayed ******************
16:55:03.855 [main] INFO  api.test.UserTests_By_Using_PropertiesFile - *************** Updating User  ******************
16:55:05.020 [main] INFO  api.test.UserTests_By_Using_PropertiesFile - *************** User is Updated ******************
16:55:06.271 [main] INFO  api.test.UserTests_By_Using_PropertiesFile - *************** Deleting User ******************
16:55:07.419 [main] INFO  api.test.UserTests_By_Using_PropertiesFile - *************** User Deleted ******************
